Base path: C:/Program Files/Unity/Editor/Data
<<<<<<< HEAD
Pipe name: \\.\pipe\UnityShaderCompiler-64bit-1-5456
Cmd: getPlatforms
Cmd: compileSnippet
  api=4 type=0 insize=1089 outsize=1314 kw= ok=1
Cmd: compileSnippet
  api=4 type=1 insize=1089 outsize=1006 kw= ok=1
=======
<<<<<<< HEAD
<<<<<<< HEAD
Pipe name: \\.\pipe\UnityShaderCompiler-64bit-1-3704
Cmd: getPlatforms
=======
Pipe name: \\.\pipe\UnityShaderCompiler-64bit-1-5244
=======
Pipe name: \\.\pipe\UnityShaderCompiler-64bit-1-19412
>>>>>>> master
Cmd: getPlatforms
=======
Base path: C:/Program Files/Unity/Editor/Data
Pipe name: \\.\pipe\UnityShaderCompiler-64bit-1-5224
Cmd: getPlatforms
>>>>>>> master
>>>>>>> f9a0990c42c7e179d0cfa1417419459b4f5b0f3c
>>>>>>> 3b1730ba744f9d7bf2dff90231bf0f64e4ce60bf
